build/Splash_Warriors/android/gradle/app/build/intermediates/manifest_merge_blame_file/debug/manifest-merger-blame-debug-report.txt
1<?xml version="1.0" encoding="utf-8"?>
2<manifest xmlns:android="http://schemas.android.com/apk/res/android"
3    package="com.example.Splash_Warriors"
4    android:versionCode="100"
5    android:versionName="0.0.1" >
6
7    <uses-sdk
8        android:minSdkVersion="24"
8-->src\main\AndroidManifest.xml
9        android:targetSdkVersion="33" />
9-->src\main\AndroidManifest.xml
10
11    <uses-permission android:name="android.permission.INTERNET" />
11-->src\main\AndroidManifest.xml:4:5-67
11-->src\main\AndroidManifest.xml:4:22-64
12    <uses-permission android:name="android.permission.ACCESS_NETWORK_STATE" />
12-->src\main\AndroidManifest.xml:5:5-79
12-->src\main\AndroidManifest.xml:5:22-76
13
14    <application
14-->src\main\AndroidManifest.xml:6:5-24:19
15        android:allowBackup="true"
15-->src\main\AndroidManifest.xml:7:9-35
16        android:appComponentFactory="androidx.core.app.CoreComponentFactory"
16-->[androidx.core:core:1.1.0] AndroidManifest.xml:24:18-86
17        android:debuggable="true"
18        android:extractNativeLibs="false"
19        android:icon="@mipmap/ic_launcher"
19-->src\main\AndroidManifest.xml:8:9-43
20        android:label="@string/formal_name"
20-->src\main\AndroidManifest.xml:9:9-44
21        android:networkSecurityConfig="@xml/network_security_config"
21-->src\main\AndroidManifest.xml:10:9-69
22        android:roundIcon="@mipmap/ic_launcher_round"
22-->src\main\AndroidManifest.xml:11:9-54
23        android:supportsRtl="true"
23-->src\main\AndroidManifest.xml:12:9-35
24        android:theme="@style/AppTheme.Launcher" >
24-->src\main\AndroidManifest.xml:13:9-49
25
26        <!-- https://developer.android.com/guide/topics/resources/runtime-changes#HandlingTheChange -->
27        <activity
27-->src\main\AndroidManifest.xml:15:7-23:20
28            android:name="org.beeware.android.MainActivity"
28-->src\main\AndroidManifest.xml:17:13-60
29            android:configChanges="orientation|screenSize|screenLayout|keyboardHidden"
29-->src\main\AndroidManifest.xml:16:13-87
30            android:exported="true" >
30-->src\main\AndroidManifest.xml:18:13-36
31            <intent-filter>
31-->src\main\AndroidManifest.xml:19:13-22:29
32                <action android:name="android.intent.action.MAIN" />
32-->src\main\AndroidManifest.xml:20:17-69
32-->src\main\AndroidManifest.xml:20:25-66
33
34                <category android:name="android.intent.category.LAUNCHER" />
34-->src\main\AndroidManifest.xml:21:17-77
34-->src\main\AndroidManifest.xml:21:27-74
35            </intent-filter>
36        </activity>
37    </application>
38
39</manifest>